<?xml version="1.0" encoding="UTF-8"?>
<testsuite xmlns:xsi="http://www.w3.org/2001/XMLSchema-instance" xsi:noNamespaceSchemaLocation="https://maven.apache.org/surefire/maven-surefire-plugin/xsd/surefire-test-report.xsd" name="com.lwy.ApplicationTests" time="4.11" tests="1" errors="0" skipped="0" failures="0">
  <properties>
    <property name="sun.desktop" value="windows"/>
    <property name="awt.toolkit" value="sun.awt.windows.WToolkit"/>
    <property name="file.encoding.pkg" value="sun.io"/>
    <property name="java.specification.version" value="1.8"/>
    <property name="sun.cpu.isalist" value="amd64"/>
    <property name="sun.jnu.encoding" value="GBK"/>
    <property name="java.class.path" value="F:\桌面\LWYblog\target\test-classes;F:\桌面\LWYblog\target\classes;E:\Maven\repository\org\springframework\boot\spring-boot-starter-thymeleaf\2.5.2\spring-boot-starter-thymeleaf-2.5.2.jar;E:\Maven\repository\org\springframework\boot\spring-boot-starter\2.5.2\spring-boot-starter-2.5.2.jar;E:\Maven\repository\org\springframework\boot\spring-boot\2.5.2\spring-boot-2.5.2.jar;E:\Maven\repository\org\springframework\boot\spring-boot-autoconfigure\2.5.2\spring-boot-autoconfigure-2.5.2.jar;E:\Maven\repository\org\springframework\boot\spring-boot-starter-logging\2.5.2\spring-boot-starter-logging-2.5.2.jar;E:\Maven\repository\ch\qos\logback\logback-classic\1.2.3\logback-classic-1.2.3.jar;E:\Maven\repository\ch\qos\logback\logback-core\1.2.3\logback-core-1.2.3.jar;E:\Maven\repository\org\apache\logging\log4j\log4j-to-slf4j\2.14.1\log4j-to-slf4j-2.14.1.jar;E:\Maven\repository\org\apache\logging\log4j\log4j-api\2.14.1\log4j-api-2.14.1.jar;E:\Maven\repository\org\slf4j\jul-to-slf4j\1.7.31\jul-to-slf4j-1.7.31.jar;E:\Maven\repository\jakarta\annotation\jakarta.annotation-api\1.3.5\jakarta.annotation-api-1.3.5.jar;E:\Maven\repository\org\yaml\snakeyaml\1.28\snakeyaml-1.28.jar;E:\Maven\repository\org\thymeleaf\thymeleaf-spring5\3.0.12.RELEASE\thymeleaf-spring5-3.0.12.RELEASE.jar;E:\Maven\repository\org\thymeleaf\thymeleaf\3.0.12.RELEASE\thymeleaf-3.0.12.RELEASE.jar;E:\Maven\repository\org\attoparser\attoparser\2.0.5.RELEASE\attoparser-2.0.5.RELEASE.jar;E:\Maven\repository\org\unbescape\unbescape\1.1.6.RELEASE\unbescape-1.1.6.RELEASE.jar;E:\Maven\repository\org\slf4j\slf4j-api\1.7.31\slf4j-api-1.7.31.jar;E:\Maven\repository\org\thymeleaf\extras\thymeleaf-extras-java8time\3.0.4.RELEASE\thymeleaf-extras-java8time-3.0.4.RELEASE.jar;E:\Maven\repository\org\springframework\boot\spring-boot-starter-web\2.5.2\spring-boot-starter-web-2.5.2.jar;E:\Maven\repository\org\springframework\boot\spring-boot-starter-json\2.5.2\spring-boot-starter-json-2.5.2.jar;E:\Maven\repository\com\fasterxml\jackson\core\jackson-databind\2.12.3\jackson-databind-2.12.3.jar;E:\Maven\repository\com\fasterxml\jackson\core\jackson-annotations\2.12.3\jackson-annotations-2.12.3.jar;E:\Maven\repository\com\fasterxml\jackson\core\jackson-core\2.12.3\jackson-core-2.12.3.jar;E:\Maven\repository\com\fasterxml\jackson\datatype\jackson-datatype-jdk8\2.12.3\jackson-datatype-jdk8-2.12.3.jar;E:\Maven\repository\com\fasterxml\jackson\datatype\jackson-datatype-jsr310\2.12.3\jackson-datatype-jsr310-2.12.3.jar;E:\Maven\repository\com\fasterxml\jackson\module\jackson-module-parameter-names\2.12.3\jackson-module-parameter-names-2.12.3.jar;E:\Maven\repository\org\springframework\boot\spring-boot-starter-tomcat\2.5.2\spring-boot-starter-tomcat-2.5.2.jar;E:\Maven\repository\org\apache\tomcat\embed\tomcat-embed-core\9.0.48\tomcat-embed-core-9.0.48.jar;E:\Maven\repository\org\apache\tomcat\embed\tomcat-embed-el\9.0.48\tomcat-embed-el-9.0.48.jar;E:\Maven\repository\org\apache\tomcat\embed\tomcat-embed-websocket\9.0.48\tomcat-embed-websocket-9.0.48.jar;E:\Maven\repository\org\springframework\spring-web\5.3.8\spring-web-5.3.8.jar;E:\Maven\repository\org\springframework\spring-beans\5.3.8\spring-beans-5.3.8.jar;E:\Maven\repository\org\springframework\spring-webmvc\5.3.8\spring-webmvc-5.3.8.jar;E:\Maven\repository\org\springframework\spring-aop\5.3.8\spring-aop-5.3.8.jar;E:\Maven\repository\org\springframework\spring-context\5.3.8\spring-context-5.3.8.jar;E:\Maven\repository\org\springframework\spring-expression\5.3.8\spring-expression-5.3.8.jar;E:\Maven\repository\org\springframework\boot\spring-boot-starter-test\2.5.2\spring-boot-starter-test-2.5.2.jar;E:\Maven\repository\org\springframework\boot\spring-boot-test\2.5.2\spring-boot-test-2.5.2.jar;E:\Maven\repository\org\springframework\boot\spring-boot-test-autoconfigure\2.5.2\spring-boot-test-autoconfigure-2.5.2.jar;E:\Maven\repository\com\jayway\jsonpath\json-path\2.5.0\json-path-2.5.0.jar;E:\Maven\repository\net\minidev\json-smart\2.4.7\json-smart-2.4.7.jar;E:\Maven\repository\net\minidev\accessors-smart\2.4.7\accessors-smart-2.4.7.jar;E:\Maven\repository\org\ow2\asm\asm\9.1\asm-9.1.jar;E:\Maven\repository\jakarta\xml\bind\jakarta.xml.bind-api\2.3.3\jakarta.xml.bind-api-2.3.3.jar;E:\Maven\repository\jakarta\activation\jakarta.activation-api\1.2.2\jakarta.activation-api-1.2.2.jar;E:\Maven\repository\org\assertj\assertj-core\3.19.0\assertj-core-3.19.0.jar;E:\Maven\repository\org\hamcrest\hamcrest\2.2\hamcrest-2.2.jar;E:\Maven\repository\org\junit\jupiter\junit-jupiter\5.7.2\junit-jupiter-5.7.2.jar;E:\Maven\repository\org\junit\jupiter\junit-jupiter-api\5.7.2\junit-jupiter-api-5.7.2.jar;E:\Maven\repository\org\apiguardian\apiguardian-api\1.1.0\apiguardian-api-1.1.0.jar;E:\Maven\repository\org\opentest4j\opentest4j\1.2.0\opentest4j-1.2.0.jar;E:\Maven\repository\org\junit\platform\junit-platform-commons\1.7.2\junit-platform-commons-1.7.2.jar;E:\Maven\repository\org\junit\jupiter\junit-jupiter-params\5.7.2\junit-jupiter-params-5.7.2.jar;E:\Maven\repository\org\junit\jupiter\junit-jupiter-engine\5.7.2\junit-jupiter-engine-5.7.2.jar;E:\Maven\repository\org\junit\platform\junit-platform-engine\1.7.2\junit-platform-engine-1.7.2.jar;E:\Maven\repository\org\mockito\mockito-core\3.9.0\mockito-core-3.9.0.jar;E:\Maven\repository\net\bytebuddy\byte-buddy\1.10.22\byte-buddy-1.10.22.jar;E:\Maven\repository\net\bytebuddy\byte-buddy-agent\1.10.22\byte-buddy-agent-1.10.22.jar;E:\Maven\repository\org\objenesis\objenesis\3.2\objenesis-3.2.jar;E:\Maven\repository\org\mockito\mockito-junit-jupiter\3.9.0\mockito-junit-jupiter-3.9.0.jar;E:\Maven\repository\org\skyscreamer\jsonassert\1.5.0\jsonassert-1.5.0.jar;E:\Maven\repository\com\vaadin\external\google\android-json\0.0.20131108.vaadin1\android-json-0.0.20131108.vaadin1.jar;E:\Maven\repository\org\springframework\spring-core\5.3.8\spring-core-5.3.8.jar;E:\Maven\repository\org\springframework\spring-jcl\5.3.8\spring-jcl-5.3.8.jar;E:\Maven\repository\org\springframework\spring-test\5.3.8\spring-test-5.3.8.jar;E:\Maven\repository\org\xmlunit\xmlunit-core\2.8.2\xmlunit-core-2.8.2.jar;E:\Maven\repository\org\projectlombok\lombok\1.18.20\lombok-1.18.20.jar;E:\Maven\repository\org\mybatis\spring\boot\mybatis-spring-boot-starter\2.1.4\mybatis-spring-boot-starter-2.1.4.jar;E:\Maven\repository\org\springframework\boot\spring-boot-starter-jdbc\2.5.2\spring-boot-starter-jdbc-2.5.2.jar;E:\Maven\repository\com\zaxxer\HikariCP\4.0.3\HikariCP-4.0.3.jar;E:\Maven\repository\org\springframework\spring-jdbc\5.3.8\spring-jdbc-5.3.8.jar;E:\Maven\repository\org\springframework\spring-tx\5.3.8\spring-tx-5.3.8.jar;E:\Maven\repository\org\mybatis\spring\boot\mybatis-spring-boot-autoconfigure\2.1.4\mybatis-spring-boot-autoconfigure-2.1.4.jar;E:\Maven\repository\org\mybatis\mybatis\3.5.6\mybatis-3.5.6.jar;E:\Maven\repository\org\mybatis\mybatis-spring\2.0.6\mybatis-spring-2.0.6.jar;E:\Maven\repository\mysql\mysql-connector-java\8.0.25\mysql-connector-java-8.0.25.jar;E:\Maven\repository\com\github\pagehelper\pagehelper-spring-boot-starter\1.2.3\pagehelper-spring-boot-starter-1.2.3.jar;E:\Maven\repository\com\github\pagehelper\pagehelper-spring-boot-autoconfigure\1.2.3\pagehelper-spring-boot-autoconfigure-1.2.3.jar;E:\Maven\repository\com\github\pagehelper\pagehelper\5.1.2\pagehelper-5.1.2.jar;E:\Maven\repository\com\github\jsqlparser\jsqlparser\1.0\jsqlparser-1.0.jar;E:\Maven\repository\org\commonmark\commonmark\0.17.2\commonmark-0.17.2.jar;E:\Maven\repository\org\commonmark\commonmark-ext-heading-anchor\0.17.0\commonmark-ext-heading-anchor-0.17.0.jar;E:\Maven\repository\com\atlassian\commonmark\commonmark-ext-gfm-tables\0.16.1\commonmark-ext-gfm-tables-0.16.1.jar;E:\Maven\repository\com\atlassian\commonmark\commonmark\0.16.1\commonmark-0.16.1.jar;E:\Maven\repository\com\alibaba\fastjson\1.2.58\fastjson-1.2.58.jar;"/>
    <property name="java.vm.vendor" value="Amazon.com Inc."/>
    <property name="sun.arch.data.model" value="64"/>
    <property name="user.variant" value=""/>
    <property name="java.vendor.url" value="https://aws.amazon.com/corretto/"/>
    <property name="user.timezone" value="Asia/Shanghai"/>
    <property name="java.vm.specification.version" value="1.8"/>
    <property name="os.name" value="Windows 10"/>
    <property name="user.country" value="CN"/>
    <property name="sun.java.launcher" value="SUN_STANDARD"/>
    <property name="sun.boot.library.path" value="C:\Users\小罗\.jdks\corretto-1.8.0_332\jre\bin"/>
    <property name="sun.java.command" value="C:\Users\小罗\AppData\Local\Temp\surefire7700207395283853034\surefirebooter1476231464252424873.jar C:\Users\小罗\AppData\Local\Temp\surefire7700207395283853034 2022-06-16T13-46-28_757-jvmRun1 surefire7018029433626508440tmp surefire_06507191195957921366tmp"/>
    <property name="surefire.test.class.path" value="F:\桌面\LWYblog\target\test-classes;F:\桌面\LWYblog\target\classes;E:\Maven\repository\org\springframework\boot\spring-boot-starter-thymeleaf\2.5.2\spring-boot-starter-thymeleaf-2.5.2.jar;E:\Maven\repository\org\springframework\boot\spring-boot-starter\2.5.2\spring-boot-starter-2.5.2.jar;E:\Maven\repository\org\springframework\boot\spring-boot\2.5.2\spring-boot-2.5.2.jar;E:\Maven\repository\org\springframework\boot\spring-boot-autoconfigure\2.5.2\spring-boot-autoconfigure-2.5.2.jar;E:\Maven\repository\org\springframework\boot\spring-boot-starter-logging\2.5.2\spring-boot-starter-logging-2.5.2.jar;E:\Maven\repository\ch\qos\logback\logback-classic\1.2.3\logback-classic-1.2.3.jar;E:\Maven\repository\ch\qos\logback\logback-core\1.2.3\logback-core-1.2.3.jar;E:\Maven\repository\org\apache\logging\log4j\log4j-to-slf4j\2.14.1\log4j-to-slf4j-2.14.1.jar;E:\Maven\repository\org\apache\logging\log4j\log4j-api\2.14.1\log4j-api-2.14.1.jar;E:\Maven\repository\org\slf4j\jul-to-slf4j\1.7.31\jul-to-slf4j-1.7.31.jar;E:\Maven\repository\jakarta\annotation\jakarta.annotation-api\1.3.5\jakarta.annotation-api-1.3.5.jar;E:\Maven\repository\org\yaml\snakeyaml\1.28\snakeyaml-1.28.jar;E:\Maven\repository\org\thymeleaf\thymeleaf-spring5\3.0.12.RELEASE\thymeleaf-spring5-3.0.12.RELEASE.jar;E:\Maven\repository\org\thymeleaf\thymeleaf\3.0.12.RELEASE\thymeleaf-3.0.12.RELEASE.jar;E:\Maven\repository\org\attoparser\attoparser\2.0.5.RELEASE\attoparser-2.0.5.RELEASE.jar;E:\Maven\repository\org\unbescape\unbescape\1.1.6.RELEASE\unbescape-1.1.6.RELEASE.jar;E:\Maven\repository\org\slf4j\slf4j-api\1.7.31\slf4j-api-1.7.31.jar;E:\Maven\repository\org\thymeleaf\extras\thymeleaf-extras-java8time\3.0.4.RELEASE\thymeleaf-extras-java8time-3.0.4.RELEASE.jar;E:\Maven\repository\org\springframework\boot\spring-boot-starter-web\2.5.2\spring-boot-starter-web-2.5.2.jar;E:\Maven\repository\org\springframework\boot\spring-boot-starter-json\2.5.2\spring-boot-starter-json-2.5.2.jar;E:\Maven\repository\com\fasterxml\jackson\core\jackson-databind\2.12.3\jackson-databind-2.12.3.jar;E:\Maven\repository\com\fasterxml\jackson\core\jackson-annotations\2.12.3\jackson-annotations-2.12.3.jar;E:\Maven\repository\com\fasterxml\jackson\core\jackson-core\2.12.3\jackson-core-2.12.3.jar;E:\Maven\repository\com\fasterxml\jackson\datatype\jackson-datatype-jdk8\2.12.3\jackson-datatype-jdk8-2.12.3.jar;E:\Maven\repository\com\fasterxml\jackson\datatype\jackson-datatype-jsr310\2.12.3\jackson-datatype-jsr310-2.12.3.jar;E:\Maven\repository\com\fasterxml\jackson\module\jackson-module-parameter-names\2.12.3\jackson-module-parameter-names-2.12.3.jar;E:\Maven\repository\org\springframework\boot\spring-boot-starter-tomcat\2.5.2\spring-boot-starter-tomcat-2.5.2.jar;E:\Maven\repository\org\apache\tomcat\embed\tomcat-embed-core\9.0.48\tomcat-embed-core-9.0.48.jar;E:\Maven\repository\org\apache\tomcat\embed\tomcat-embed-el\9.0.48\tomcat-embed-el-9.0.48.jar;E:\Maven\repository\org\apache\tomcat\embed\tomcat-embed-websocket\9.0.48\tomcat-embed-websocket-9.0.48.jar;E:\Maven\repository\org\springframework\spring-web\5.3.8\spring-web-5.3.8.jar;E:\Maven\repository\org\springframework\spring-beans\5.3.8\spring-beans-5.3.8.jar;E:\Maven\repository\org\springframework\spring-webmvc\5.3.8\spring-webmvc-5.3.8.jar;E:\Maven\repository\org\springframework\spring-aop\5.3.8\spring-aop-5.3.8.jar;E:\Maven\repository\org\springframework\spring-context\5.3.8\spring-context-5.3.8.jar;E:\Maven\repository\org\springframework\spring-expression\5.3.8\spring-expression-5.3.8.jar;E:\Maven\repository\org\springframework\boot\spring-boot-starter-test\2.5.2\spring-boot-starter-test-2.5.2.jar;E:\Maven\repository\org\springframework\boot\spring-boot-test\2.5.2\spring-boot-test-2.5.2.jar;E:\Maven\repository\org\springframework\boot\spring-boot-test-autoconfigure\2.5.2\spring-boot-test-autoconfigure-2.5.2.jar;E:\Maven\repository\com\jayway\jsonpath\json-path\2.5.0\json-path-2.5.0.jar;E:\Maven\repository\net\minidev\json-smart\2.4.7\json-smart-2.4.7.jar;E:\Maven\repository\net\minidev\accessors-smart\2.4.7\accessors-smart-2.4.7.jar;E:\Maven\repository\org\ow2\asm\asm\9.1\asm-9.1.jar;E:\Maven\repository\jakarta\xml\bind\jakarta.xml.bind-api\2.3.3\jakarta.xml.bind-api-2.3.3.jar;E:\Maven\repository\jakarta\activation\jakarta.activation-api\1.2.2\jakarta.activation-api-1.2.2.jar;E:\Maven\repository\org\assertj\assertj-core\3.19.0\assertj-core-3.19.0.jar;E:\Maven\repository\org\hamcrest\hamcrest\2.2\hamcrest-2.2.jar;E:\Maven\repository\org\junit\jupiter\junit-jupiter\5.7.2\junit-jupiter-5.7.2.jar;E:\Maven\repository\org\junit\jupiter\junit-jupiter-api\5.7.2\junit-jupiter-api-5.7.2.jar;E:\Maven\repository\org\apiguardian\apiguardian-api\1.1.0\apiguardian-api-1.1.0.jar;E:\Maven\repository\org\opentest4j\opentest4j\1.2.0\opentest4j-1.2.0.jar;E:\Maven\repository\org\junit\platform\junit-platform-commons\1.7.2\junit-platform-commons-1.7.2.jar;E:\Maven\repository\org\junit\jupiter\junit-jupiter-params\5.7.2\junit-jupiter-params-5.7.2.jar;E:\Maven\repository\org\junit\jupiter\junit-jupiter-engine\5.7.2\junit-jupiter-engine-5.7.2.jar;E:\Maven\repository\org\junit\platform\junit-platform-engine\1.7.2\junit-platform-engine-1.7.2.jar;E:\Maven\repository\org\mockito\mockito-core\3.9.0\mockito-core-3.9.0.jar;E:\Maven\repository\net\bytebuddy\byte-buddy\1.10.22\byte-buddy-1.10.22.jar;E:\Maven\repository\net\bytebuddy\byte-buddy-agent\1.10.22\byte-buddy-agent-1.10.22.jar;E:\Maven\repository\org\objenesis\objenesis\3.2\objenesis-3.2.jar;E:\Maven\repository\org\mockito\mockito-junit-jupiter\3.9.0\mockito-junit-jupiter-3.9.0.jar;E:\Maven\repository\org\skyscreamer\jsonassert\1.5.0\jsonassert-1.5.0.jar;E:\Maven\repository\com\vaadin\external\google\android-json\0.0.20131108.vaadin1\android-json-0.0.20131108.vaadin1.jar;E:\Maven\repository\org\springframework\spring-core\5.3.8\spring-core-5.3.8.jar;E:\Maven\repository\org\springframework\spring-jcl\5.3.8\spring-jcl-5.3.8.jar;E:\Maven\repository\org\springframework\spring-test\5.3.8\spring-test-5.3.8.jar;E:\Maven\repository\org\xmlunit\xmlunit-core\2.8.2\xmlunit-core-2.8.2.jar;E:\Maven\repository\org\projectlombok\lombok\1.18.20\lombok-1.18.20.jar;E:\Maven\repository\org\mybatis\spring\boot\mybatis-spring-boot-starter\2.1.4\mybatis-spring-boot-starter-2.1.4.jar;E:\Maven\repository\org\springframework\boot\spring-boot-starter-jdbc\2.5.2\spring-boot-starter-jdbc-2.5.2.jar;E:\Maven\repository\com\zaxxer\HikariCP\4.0.3\HikariCP-4.0.3.jar;E:\Maven\repository\org\springframework\spring-jdbc\5.3.8\spring-jdbc-5.3.8.jar;E:\Maven\repository\org\springframework\spring-tx\5.3.8\spring-tx-5.3.8.jar;E:\Maven\repository\org\mybatis\spring\boot\mybatis-spring-boot-autoconfigure\2.1.4\mybatis-spring-boot-autoconfigure-2.1.4.jar;E:\Maven\repository\org\mybatis\mybatis\3.5.6\mybatis-3.5.6.jar;E:\Maven\repository\org\mybatis\mybatis-spring\2.0.6\mybatis-spring-2.0.6.jar;E:\Maven\repository\mysql\mysql-connector-java\8.0.25\mysql-connector-java-8.0.25.jar;E:\Maven\repository\com\github\pagehelper\pagehelper-spring-boot-starter\1.2.3\pagehelper-spring-boot-starter-1.2.3.jar;E:\Maven\repository\com\github\pagehelper\pagehelper-spring-boot-autoconfigure\1.2.3\pagehelper-spring-boot-autoconfigure-1.2.3.jar;E:\Maven\repository\com\github\pagehelper\pagehelper\5.1.2\pagehelper-5.1.2.jar;E:\Maven\repository\com\github\jsqlparser\jsqlparser\1.0\jsqlparser-1.0.jar;E:\Maven\repository\org\commonmark\commonmark\0.17.2\commonmark-0.17.2.jar;E:\Maven\repository\org\commonmark\commonmark-ext-heading-anchor\0.17.0\commonmark-ext-heading-anchor-0.17.0.jar;E:\Maven\repository\com\atlassian\commonmark\commonmark-ext-gfm-tables\0.16.1\commonmark-ext-gfm-tables-0.16.1.jar;E:\Maven\repository\com\atlassian\commonmark\commonmark\0.16.1\commonmark-0.16.1.jar;E:\Maven\repository\com\alibaba\fastjson\1.2.58\fastjson-1.2.58.jar;"/>
    <property name="sun.cpu.endian" value="little"/>
    <property name="user.home" value="C:\Users\小罗"/>
    <property name="user.language" value="zh"/>
    <property name="java.specification.vendor" value="Oracle Corporation"/>
    <property name="java.home" value="C:\Users\小罗\.jdks\corretto-1.8.0_332\jre"/>
    <property name="basedir" value="F:\桌面\LWYblog"/>
    <property name="file.separator" value="\"/>
    <property name="line.separator" value="&#10;"/>
    <property name="java.vm.specification.vendor" value="Oracle Corporation"/>
    <property name="java.specification.name" value="Java Platform API Specification"/>
    <property name="java.awt.graphicsenv" value="sun.awt.Win32GraphicsEnvironment"/>
    <property name="surefire.real.class.path" value="C:\Users\小罗\AppData\Local\Temp\surefire7700207395283853034\surefirebooter1476231464252424873.jar"/>
    <property name="sun.boot.class.path" value="C:\Users\小罗\.jdks\corretto-1.8.0_332\jre\lib\resources.jar;C:\Users\小罗\.jdks\corretto-1.8.0_332\jre\lib\rt.jar;C:\Users\小罗\.jdks\corretto-1.8.0_332\jre\lib\sunrsasign.jar;C:\Users\小罗\.jdks\corretto-1.8.0_332\jre\lib\jsse.jar;C:\Users\小罗\.jdks\corretto-1.8.0_332\jre\lib\jce.jar;C:\Users\小罗\.jdks\corretto-1.8.0_332\jre\lib\charsets.jar;C:\Users\小罗\.jdks\corretto-1.8.0_332\jre\lib\jfr.jar;C:\Users\小罗\.jdks\corretto-1.8.0_332\jre\classes"/>
    <property name="user.script" value=""/>
    <property name="sun.management.compiler" value="HotSpot 64-Bit Tiered Compilers"/>
    <property name="java.runtime.version" value="1.8.0_332-b08"/>
    <property name="user.name" value="小罗"/>
    <property name="path.separator" value=";"/>
    <property name="os.version" value="10.0"/>
    <property name="java.endorsed.dirs" value="C:\Users\小罗\.jdks\corretto-1.8.0_332\jre\lib\endorsed"/>
    <property name="java.runtime.name" value="OpenJDK Runtime Environment"/>
    <property name="file.encoding" value="GBK"/>
    <property name="java.vm.name" value="OpenJDK 64-Bit Server VM"/>
    <property name="localRepository" value="E:\Maven\repository"/>
    <property name="java.vendor.url.bug" value="https://github.com/corretto/corretto-8/issues/"/>
    <property name="java.io.tmpdir" value="C:\Users\小罗\AppData\Local\Temp\"/>
    <property name="idea.version" value="2020.3.4"/>
    <property name="java.version" value="1.8.0_332"/>
    <property name="user.dir" value="F:\桌面\LWYblog"/>
    <property name="os.arch" value="amd64"/>
    <property name="java.vm.specification.name" value="Java Virtual Machine Specification"/>
    <property name="java.awt.printerjob" value="sun.awt.windows.WPrinterJob"/>
    <property name="sun.os.patch.level" value=""/>
    <property name="java.library.path" value="C:\Users\小罗\.jdks\corretto-1.8.0_332\jre\bin;C:\Windows\Sun\Java\bin;C:\Windows\system32;C:\Windows;f:\vmware\bin\;c:\program files (x86)\common files\oracle\java\javapath;c:\tomcat\bin;c:\tomcat\lib;c:\program files\nvidia corporation\nvidia nvdlisr;e:\mysql-8.0.11\bin;&quot;c:\program files\java\jdk-16\bin;c:\program files\java\jdk-16\jre\bin;e:\idea\intellij idea 2020.3.3\bin;c:\users\小罗\appdata\local\microsoft\windowsapps;;;:\program files\azure data studio\bin&quot;;c:\program files\java\jdk-16\bin;c:\program files\java\jdk-16\jre\bin;c:\windows\system32\cmd.exe;c:\windows\system32;c:\users\小罗\appdata\local\programs\python\python310;\;rogram Files (x86)\NVIDIA Corporation\PhysX\Common;E:\Maven\apache-maven-3.6.1\bin\;C:\Program Files\Java\jdk-16\bin;C:\Program Files\Java\jdk-16\jre\bin;E:\Maven\apache-maven-3.6.1\bin\bin;C:\Program Files\nodejs\;F:\mingw64\bin;C:\Program Files\Git\cmd;C:\Users\小罗\AppData\Local\Programs\Python\Python310\Scripts\;C:\Users\小罗\AppData\Local\Programs\Python\Python310\;C:\Program Files\Java\jdk-16\bin;C:\Program Files\Java\jdk-16\jre\bin;E:\IDEA\IntelliJ IDEA 2020.3.3\bin;;C:\Users\小罗\AppData\Local\Microsoft\WindowsApps;C:\Program Files\Azure Data Studio\bin;E:\pycharm\PyCharm 2021.2.3\bin;;E:\Maven\apache-maven-3.8.5\bin;;C:\Program Files\JetBrains\WebStorm 2021.3.3\bin;;C:\Users\小罗\AppData\Roaming\npm;."/>
    <property name="java.vm.info" value="mixed mode"/>
    <property name="java.vendor" value="Amazon.com Inc."/>
    <property name="java.vm.version" value="25.332-b08"/>
    <property name="java.ext.dirs" value="C:\Users\小罗\.jdks\corretto-1.8.0_332\jre\lib\ext;C:\Windows\Sun\Java\lib\ext"/>
    <property name="sun.io.unicode.encoding" value="UnicodeLittle"/>
    <property name="java.class.version" value="52.0"/>
  </properties>
  <testcase name="contextLoads" classname="com.lwy.ApplicationTests" time="0.282"/>
</testsuite>